<?xml version="1.0" encoding="UTF-8"?>
<testng-results skipped="0" failed="0" ignored="0" total="1" passed="1">
  <reporter-output>
  </reporter-output>
  <suite name="Suite" duration-ms="139849" started-at="2019-06-14T07:10:05Z" finished-at="2019-06-14T07:12:25Z">
    <groups>
    </groups>
    <test name="Test1" duration-ms="139849" started-at="2019-06-14T07:10:05Z" finished-at="2019-06-14T07:12:25Z">
      <class name="com.Hybridframework.testcases.TC_addcustomer_003">
        <test-method status="PASS" signature="setup(java.lang.String)[pri:0, instance:com.Hybridframework.testcases.TC_addcustomer_003@50f8360d]" name="setup" is-config="true" duration-ms="100287" started-at="2019-06-14T07:10:05Z" finished-at="2019-06-14T07:11:45Z">
          <params>
            <param index="0">
              <value>
                <![CDATA[chrome]]>
              </value>
            </param>
          </params>
          <reporter-output>
          </reporter-output>
        </test-method> <!-- setup -->
        <test-method status="PASS" signature="addnewcustomer()[pri:0, instance:com.Hybridframework.testcases.TC_addcustomer_003@50f8360d]" name="addnewcustomer" duration-ms="38740" started-at="2019-06-14T07:11:45Z" finished-at="2019-06-14T07:12:24Z">
          <reporter-output>
          </reporter-output>
        </test-method> <!-- addnewcustomer -->
        <test-method status="PASS" signature="teardown()[pri:0, instance:com.Hybridframework.testcases.TC_addcustomer_003@50f8360d]" name="teardown" is-config="true" duration-ms="741" started-at="2019-06-14T07:12:24Z" finished-at="2019-06-14T07:12:25Z">
          <reporter-output>
          </reporter-output>
        </test-method> <!-- teardown -->
      </class> <!-- com.Hybridframework.testcases.TC_addcustomer_003 -->
    </test> <!-- Test1 -->
  </suite> <!-- Suite -->
</testng-results>
