<?xml version="1.0" encoding="UTF-8"?>
<testng-results skipped="0" failed="0" ignored="0" total="1" passed="1">
  <reporter-output>
  </reporter-output>
  <suite name="Suite" duration-ms="90772" started-at="2019-06-12T07:28:50Z" finished-at="2019-06-12T07:30:21Z">
    <groups>
    </groups>
    <test name="Test1" duration-ms="90772" started-at="2019-06-12T07:28:50Z" finished-at="2019-06-12T07:30:21Z">
      <class name="com.Hybridframework.testcases.TC_addcustomer_003">
        <test-method status="PASS" signature="setup(java.lang.String)[pri:0, instance:com.Hybridframework.testcases.TC_addcustomer_003@5e3a8624]" name="setup" is-config="true" duration-ms="71103" started-at="2019-06-12T07:28:50Z" finished-at="2019-06-12T07:30:01Z">
          <params>
            <param index="0">
              <value>
                <![CDATA[chrome]]>
              </value>
            </param>
          </params>
          <reporter-output>
          </reporter-output>
        </test-method> <!-- setup -->
        <test-method status="PASS" signature="addnewcustomer()[pri:0, instance:com.Hybridframework.testcases.TC_addcustomer_003@5e3a8624]" name="addnewcustomer" duration-ms="18358" started-at="2019-06-12T07:30:01Z" finished-at="2019-06-12T07:30:20Z">
          <reporter-output>
          </reporter-output>
        </test-method> <!-- addnewcustomer -->
        <test-method status="PASS" signature="teardown()[pri:0, instance:com.Hybridframework.testcases.TC_addcustomer_003@5e3a8624]" name="teardown" is-config="true" duration-ms="1248" started-at="2019-06-12T07:30:20Z" finished-at="2019-06-12T07:30:21Z">
          <reporter-output>
          </reporter-output>
        </test-method> <!-- teardown -->
      </class> <!-- com.Hybridframework.testcases.TC_addcustomer_003 -->
    </test> <!-- Test1 -->
  </suite> <!-- Suite -->
</testng-results>
